[ERROR] 2025-11-29 04:14:02 views 86583 128637505164992 - SaleCreateView error: 'Sale' object has no attribute 'sku'
Traceback (most recent call last):
  File "/home/kk/fieldmax/sales/views.py", line 300, in post
    sale = Sale.objects.create(
           ^^^^^^^^^^^^^^^^^^^^
  File "/home/kk/fieldmax/venv/lib/python3.12/site-packages/django/db/models/manager.py", line 87, in manager_method
    return getattr(self.get_queryset(), name)(*args, **kwargs)
           ^^^^^^^^^^^^^^^^^^^^^^^^^^^^^^^^^^^^^^^^^^^^^^^^^^^
  File "/home/kk/fieldmax/venv/lib/python3.12/site-packages/django/db/models/query.py", line 665, in create
    obj.save(force_insert=True, using=self.db)
  File "/home/kk/fieldmax/venv/lib/python3.12/site-packages/django/db/models/base.py", line 902, in save
    self.save_base(
  File "/home/kk/fieldmax/venv/lib/python3.12/site-packages/django/db/models/base.py", line 1023, in save_base
    post_save.send(
  File "/home/kk/fieldmax/venv/lib/python3.12/site-packages/django/dispatch/dispatcher.py", line 189, in send
    response = receiver(signal=self, sender=sender, **named)
               ^^^^^^^^^^^^^^^^^^^^^^^^^^^^^^^^^^^^^^^^^^^^^
  File "/home/kk/fieldmax/sales/signals.py", line 23, in create_stockentry_on_sale
    sku = instance.sku
          ^^^^^^^^^^^^
AttributeError: 'Sale' object has no attribute 'sku'
[INFO] 2025-11-29 04:17:37 signals 87052 127270927521472 - [SIGNAL] StockEntry created for Sale 2 | Product: SFSL001 | Quantity: -1
[INFO] 2025-11-29 05:13:15 views 91666 123391735568064 - [SALE] Product: FFSL001 | Type: single | Sold: 1 | New Qty: 1 | New Status: available
[INFO] 2025-11-29 05:13:15 signals 91666 123391735568064 - [SIGNAL] StockEntry created for Sale 3 | Product: FFSL001 | Quantity: -1
[INFO] 2025-11-29 05:13:34 views 91666 123391735568064 - [SALE] Product: FFSL001 | Type: single | Sold: 1 | New Qty: 1 | New Status: available
[INFO] 2025-11-29 05:13:34 signals 91666 123391735568064 - [SIGNAL] StockEntry created for Sale 4 | Product: FFSL001 | Quantity: -1
[INFO] 2025-11-29 14:18:02 views 38081 139801208616640 - [SINGLE ITEM SALE] Looking for available unit...
[INFO] 2025-11-29 14:18:02 views 38081 139801208616640 - [FIFO] Selected single item: SFSL001 (Created: 2025-11-28 23:04:14.759373+00:00)
[INFO] 2025-11-29 14:18:02 views 38081 139801208616640 - [SALE COMPLETE] Product: SFSL001 | Type: single | Sold: 1 | New Qty: 1 | New Status: available
[INFO] 2025-11-29 14:18:02 signals 38081 139801208616640 - [SIGNAL] StockEntry created for Sale 5 | Product: SFSL001 | Quantity: -1
[INFO] 2025-11-29 14:18:28 views 38081 139801208616640 - [SINGLE ITEM SALE] Looking for available unit...
[INFO] 2025-11-29 14:18:28 views 38081 139801208616640 - [FIFO] Selected single item: SFSL001 (Created: 2025-11-28 23:04:14.759373+00:00)
[INFO] 2025-11-29 14:18:28 views 38081 139801208616640 - [SALE COMPLETE] Product: SFSL001 | Type: single | Sold: 1 | New Qty: 1 | New Status: available
[INFO] 2025-11-29 14:18:28 signals 38081 139801208616640 - [SIGNAL] StockEntry created for Sale 6 | Product: SFSL001 | Quantity: -1
[INFO] 2025-11-29 14:55:28 views 46380 125988794332864 - [FIFO SINGLE ITEM] Searching for oldest available unit...
[INFO] 2025-11-29 14:55:28 views 46380 125988794332864 - [FIFO SELECTED] Product: SFSL001 | SKU: 34534534534534 | Created: 2025-11-28 23:04:14.759373+00:00 | Age: 0 days
[INFO] 2025-11-29 14:55:28 views 46380 125988794332864 - [PRE-SALE] Product: SFSL001 | Current Qty: 1 | Current Status: available
[INFO] 2025-11-29 14:55:28 views 46380 125988794332864 - [POST-SALE] Product: SFSL001 | New Qty: 1 | New Status: available | StockEntry ID: 20
[INFO] 2025-11-29 14:55:28 signals 46380 125988794332864 - [SIGNAL] StockEntry created for Sale 7 | Product: SFSL001 | Quantity: -1
[INFO] 2025-11-29 14:55:49 views 46380 125988794332864 - [FIFO SINGLE ITEM] Searching for oldest available unit...
[INFO] 2025-11-29 14:55:49 views 46380 125988794332864 - [FIFO SELECTED] Product: SFSL001 | SKU: 34534534534534 | Created: 2025-11-28 23:04:14.759373+00:00 | Age: 0 days
[INFO] 2025-11-29 14:55:49 views 46380 125988794332864 - [PRE-SALE] Product: SFSL001 | Current Qty: 1 | Current Status: available
[INFO] 2025-11-29 14:55:49 views 46380 125988794332864 - [POST-SALE] Product: SFSL001 | New Qty: 1 | New Status: available | StockEntry ID: 22
[INFO] 2025-11-29 14:55:49 signals 46380 125988794332864 - [SIGNAL] StockEntry created for Sale 8 | Product: SFSL001 | Quantity: -1
[INFO] 2025-11-29 15:03:29 views 47751 123207791843008 - [FIFO SINGLE ITEM] Searching for oldest available unit...
[INFO] 2025-11-29 15:03:29 views 47751 123207791843008 - [FIFO SELECTED] Product: SFSL001 | SKU: 34534534534534 | Status: available | Created: 2025-11-28 23:04:14.759373+00:00 | Age: 0 days
[INFO] 2025-11-29 15:03:29 views 47751 123207791843008 - [PRE-SALE] Product: SFSL001 | Current Qty: 1 | Current Status: available
[INFO] 2025-11-29 15:03:29 views 47751 123207791843008 - [POST-SALE] Product: SFSL001 | New Qty: 1 | New Status: available | StockEntry ID: 24
[ERROR] 2025-11-29 15:03:29 views 47751 123207791843008 - [STATUS ERROR] Single item SFSL001 not marked as sold! Current status: available
[INFO] 2025-11-29 15:03:29 signals 47751 123207791843008 - [SIGNAL] StockEntry created for Sale 9 | Product: SFSL001 | Quantity: -1
[INFO] 2025-11-29 15:20:59 views 47751 123207791843008 - [FIFO SINGLE ITEM] Searching for oldest available unit...
[INFO] 2025-11-29 15:20:59 views 47751 123207791843008 - [FIFO SELECTED] Product: SFSL001 | SKU: 34534534534534 | Status: available | Created: 2025-11-28 23:04:14.759373+00:00 | Age: 0 days
[INFO] 2025-11-29 15:20:59 views 47751 123207791843008 - [PRE-SALE] Product: SFSL001 | Current Qty: 1 | Current Status: available
[INFO] 2025-11-29 15:20:59 views 47751 123207791843008 - [POST-SALE] Product: SFSL001 | New Qty: 1 | New Status: available | StockEntry ID: 26
[ERROR] 2025-11-29 15:20:59 views 47751 123207791843008 - [STATUS ERROR] Single item SFSL001 not marked as sold! Current status: available
[INFO] 2025-11-29 15:20:59 signals 47751 123207791843008 - [SIGNAL] StockEntry created for Sale 10 | Product: SFSL001 | Quantity: -1
[INFO] 2025-11-29 15:22:24 views 47751 123207791843008 - [FIFO SINGLE ITEM] Searching for oldest available unit...
[INFO] 2025-11-29 15:22:24 views 47751 123207791843008 - [FIFO SELECTED] Product: SFSL001 | SKU: 34534534534534 | Status: available | Created: 2025-11-28 23:04:14.759373+00:00 | Age: 0 days
[INFO] 2025-11-29 15:22:24 views 47751 123207791843008 - [PRE-SALE] Product: SFSL001 | Current Qty: 1 | Current Status: available
[INFO] 2025-11-29 15:22:24 views 47751 123207791843008 - [POST-SALE] Product: SFSL001 | New Qty: 1 | New Status: available | StockEntry ID: 28
[ERROR] 2025-11-29 15:22:24 views 47751 123207791843008 - [STATUS ERROR] Single item SFSL001 not marked as sold! Current status: available
[INFO] 2025-11-29 15:22:25 signals 47751 123207791843008 - [SIGNAL] StockEntry created for Sale 11 | Product: SFSL001 | Quantity: -1
[INFO] 2025-11-29 15:28:35 views 47751 123207791843008 - [FIFO SINGLE ITEM] Searching for oldest available unit...
[INFO] 2025-11-29 15:28:35 views 47751 123207791843008 - [FIFO SELECTED] Product: SFSL001 | SKU: 34534534534534 | Status: available | Created: 2025-11-28 23:04:14.759373+00:00 | Age: 0 days
[INFO] 2025-11-29 15:28:35 views 47751 123207791843008 - [PRE-SALE] Product: SFSL001 | Current Qty: 1 | Current Status: available
[INFO] 2025-11-29 15:28:35 views 47751 123207791843008 - [POST-SALE] Product: SFSL001 | New Qty: 1 | New Status: available | StockEntry ID: 30
[ERROR] 2025-11-29 15:28:35 views 47751 123207791843008 - [STATUS ERROR] Single item SFSL001 not marked as sold! Current status: available
[INFO] 2025-11-29 15:28:35 signals 47751 123207791843008 - [SIGNAL] StockEntry created for Sale 12 | Product: SFSL001 | Quantity: -1
[INFO] 2025-11-29 15:57:22 views 47751 123207791843008 - [BULK ITEM] Processing sale...
[INFO] 2025-11-29 15:57:22 views 47751 123207791843008 - [PRE-SALE] Product: AFSL001 | Current Qty: 10 | Current Status: available
[INFO] 2025-11-29 15:57:22 views 47751 123207791843008 - [POST-SALE] Product: AFSL001 | New Qty: 9 | New Status: available | StockEntry ID: 32
[INFO] 2025-11-29 15:57:22 signals 47751 123207791843008 - [SIGNAL] StockEntry created for Sale 13 | Product: AFSL001 | Quantity: -1
[INFO] 2025-11-29 15:58:34 views 47751 123207791843008 - [BULK ITEM] Processing sale...
[INFO] 2025-11-29 15:58:34 views 47751 123207791843008 - [PRE-SALE] Product: AFSL001 | Current Qty: 8 | Current Status: available
[INFO] 2025-11-29 15:58:34 views 47751 123207791843008 - [POST-SALE] Product: AFSL001 | New Qty: 7 | New Status: available | StockEntry ID: 34
[INFO] 2025-11-29 15:58:34 signals 47751 123207791843008 - [SIGNAL] StockEntry created for Sale 14 | Product: AFSL001 | Quantity: -1
[INFO] 2025-11-29 16:05:08 views 47751 123207791843008 - [FIFO SINGLE ITEM] Searching for oldest available unit...
[INFO] 2025-11-29 16:05:08 views 47751 123207791843008 - [FIFO SELECTED] Product: SFSL001 | SKU: 34534534534534 | Status: available | Created: 2025-11-28 23:04:14.759373+00:00 | Age: 0 days
[INFO] 2025-11-29 16:05:08 views 47751 123207791843008 - [PRE-SALE] Product: SFSL001 | Current Qty: 1 | Current Status: available
[INFO] 2025-11-29 16:05:08 views 47751 123207791843008 - [POST-SALE] Product: SFSL001 | New Qty: 1 | New Status: available | StockEntry ID: 36
[ERROR] 2025-11-29 16:05:08 views 47751 123207791843008 - [STATUS ERROR] Single item SFSL001 not marked as sold! Current status: available
[INFO] 2025-11-29 16:05:08 signals 47751 123207791843008 - [SIGNAL] StockEntry created for Sale 15 | Product: SFSL001 | Quantity: -1
[INFO] 2025-11-29 16:07:19 views 47751 123207791843008 - [FIFO SINGLE ITEM] Searching for oldest available unit...
[INFO] 2025-11-29 16:07:19 views 47751 123207791843008 - [FIFO SELECTED] Product: SFSL001 | SKU: 34534534534534 | Status: available | Created: 2025-11-28 23:04:14.759373+00:00 | Age: 0 days
[INFO] 2025-11-29 16:07:19 views 47751 123207791843008 - [PRE-SALE] Product: SFSL001 | Current Qty: 1 | Current Status: available
[INFO] 2025-11-29 16:07:19 views 47751 123207791843008 - [POST-SALE] Product: SFSL001 | New Qty: 1 | New Status: available | StockEntry ID: 38
[ERROR] 2025-11-29 16:07:19 views 47751 123207791843008 - [STATUS ERROR] Single item SFSL001 not marked as sold! Current status: available
[INFO] 2025-11-29 16:07:19 signals 47751 123207791843008 - [SIGNAL] StockEntry created for Sale 16 | Product: SFSL001 | Quantity: -1
[INFO] 2025-11-30 07:19:41 views 17680 136163318240960 - [BULK ITEM] Processing sale...
[INFO] 2025-11-30 07:19:41 signals 17680 136163318240960 - [SALE MONITOR] Sale #1 | Product: AFSL001 (NORMAL PROTECTOR) | Quantity Sold: 1 | Buyer: Walk-in | Total: KSH 100
[INFO] 2025-11-30 07:19:41 views 17680 136163318240960 - [SALE CREATED] Sale #1 created for AFSL001
[INFO] 2025-11-30 07:19:41 views 17680 136163318240960 - [PRE-SALE] Product: AFSL001 | Current Qty: 50 | Current Status: available
[INFO] 2025-11-30 07:19:41 views 17680 136163318240960 - [POST-SALE] Product: AFSL001 | New Qty: 49 | New Status: available | StockEntry ID: 9
[INFO] 2025-11-30 07:20:54 views 17680 136163318240960 - [FIFO SINGLE ITEM] Searching for oldest available unit...
[INFO] 2025-11-30 07:20:54 views 17680 136163318240960 - [FIFO SELECTED] Product: SFSL001 | SKU: 345345345688688 | Status: available | Created: 2025-11-29 19:28:32.835296+00:00 | Age: 0 days
[INFO] 2025-11-30 07:20:54 signals 17680 136163318240960 - [SALE MONITOR] Sale #2 | Product: SFSL001 (SAMSUNG A16) | Quantity Sold: 1 | Buyer: Walk-in | Total: KSH 25000
[INFO] 2025-11-30 07:20:54 views 17680 136163318240960 - [SALE CREATED] Sale #2 created for SFSL001
[INFO] 2025-11-30 07:20:54 views 17680 136163318240960 - [PRE-SALE] Product: SFSL001 | Current Qty: 1 | Current Status: available
[INFO] 2025-11-30 07:20:54 views 17680 136163318240960 - [POST-SALE] Product: SFSL001 | New Qty: 1 | New Status: available | StockEntry ID: 10
[ERROR] 2025-11-30 07:20:54 views 17680 136163318240960 - [STATUS ERROR] Single item SFSL001 not marked as sold! Current status: available
[WARNING] 2025-11-30 07:20:54 views 17680 136163318240960 - [FORCED UPDATE] Product SFSL001 manually set to SOLD
[INFO] 2025-11-30 07:21:40 views 17680 136163318240960 - [FIFO SINGLE ITEM] Searching for oldest available unit...
[INFO] 2025-11-30 07:21:40 views 17680 136163318240960 - [FIFO SELECTED] Product: SFSL001 | SKU: 345345345688688 | Status: available | Created: 2025-11-29 19:28:32.835296+00:00 | Age: 0 days
[INFO] 2025-11-30 07:21:40 signals 17680 136163318240960 - [SALE MONITOR] Sale #3 | Product: SFSL001 (SAMSUNG A16) | Quantity Sold: 1 | Buyer: Walk-in | Total: KSH 25000
[INFO] 2025-11-30 07:21:40 views 17680 136163318240960 - [SALE CREATED] Sale #3 created for SFSL001
[INFO] 2025-11-30 07:21:40 views 17680 136163318240960 - [PRE-SALE] Product: SFSL001 | Current Qty: 1 | Current Status: available
[INFO] 2025-11-30 07:21:40 views 17680 136163318240960 - [POST-SALE] Product: SFSL001 | New Qty: 1 | New Status: available | StockEntry ID: 11
[ERROR] 2025-11-30 07:21:40 views 17680 136163318240960 - [STATUS ERROR] Single item SFSL001 not marked as sold! Current status: available
[WARNING] 2025-11-30 07:21:40 views 17680 136163318240960 - [FORCED UPDATE] Product SFSL001 manually set to SOLD
[INFO] 2025-11-30 11:24:14 views 53089 129621666420416 - [BULK ITEM] Processing sale...
[INFO] 2025-11-30 11:24:14 signals 53089 129621666420416 - [SALE MONITOR] Sale #1 | Product: AFSL001 (NOR) | Quantity Sold: 1 | Buyer: Walk-in | Total: KSH 100
[INFO] 2025-11-30 11:24:14 views 53089 129621666420416 - [SALE CREATED] Sale #1 created for AFSL001
[INFO] 2025-11-30 11:24:14 views 53089 129621666420416 - [PRE-SALE] Product: AFSL001 | Current Qty: 10 | Current Status: available
[INFO] 2025-11-30 11:24:14 views 53089 129621666420416 - [POST-SALE] Product: AFSL001 | New Qty: 9 | New Status: available | StockEntry ID: 2
[INFO] 2025-11-30 13:29:18 views 59882 137955282056896 - [BULK ITEM] Processing sale...
[INFO] 2025-11-30 13:29:18 signals 59882 137955282056896 - [SALE MONITOR] Sale #2 | Product: AFSL002 (21D GLASS) | Quantity Sold: 1 | Buyer: Walk-in | Total: KSH 200
[INFO] 2025-11-30 13:29:18 views 59882 137955282056896 - [SALE CREATED] Sale #2 created for AFSL002
[INFO] 2025-11-30 13:29:18 views 59882 137955282056896 - [PRE-SALE] Product: AFSL002 | Current Qty: 10 | Current Status: available
[INFO] 2025-11-30 13:29:18 views 59882 137955282056896 - [POST-SALE] Product: AFSL002 | New Qty: 9 | New Status: available | StockEntry ID: 10
[INFO] 2025-11-30 13:46:59 views 59882 137955282056896 - [FIFO SINGLE ITEM] Searching for oldest available unit...
[INFO] 2025-11-30 13:46:59 views 59882 137955282056896 - [FIFO SELECTED] Product: SFSL001 | SKU: 355344366377388 | Status: available | Created: 2025-11-30 09:43:14.158743+00:00 | Age: 0 days
[INFO] 2025-11-30 13:46:59 signals 59882 137955282056896 - [SALE MONITOR] Sale #3 | Product: SFSL001 (SAMSUNG A07 64GB) | Quantity Sold: 1 | Buyer: Walk-in | Total: KSH 17000
[INFO] 2025-11-30 13:46:59 views 59882 137955282056896 - [SALE CREATED] Sale #3 created for SFSL001
[INFO] 2025-11-30 13:46:59 views 59882 137955282056896 - [PRE-SALE] Product: SFSL001 | Current Qty: 1 | Current Status: available
[INFO] 2025-11-30 13:46:59 views 59882 137955282056896 - [POST-SALE] Product: SFSL001 | New Qty: 1 | New Status: available | StockEntry ID: 11
[ERROR] 2025-11-30 13:46:59 views 59882 137955282056896 - [STATUS ERROR] Single item SFSL001 not marked as sold! Current status: available
[WARNING] 2025-11-30 13:46:59 views 59882 137955282056896 - [FORCED UPDATE] Product SFSL001 manually set to SOLD
[INFO] 2025-11-30 14:11:32 views 59882 137955282056896 - [FIFO SINGLE ITEM] Searching for oldest available unit...
[INFO] 2025-11-30 14:11:32 views 59882 137955282056896 - [FIFO SELECTED] Product: SFSL001 | SKU: 355344366377388 | Status: available | Created: 2025-11-30 09:43:14.158743+00:00 | Age: 0 days
[INFO] 2025-11-30 14:11:32 signals 59882 137955282056896 - [SALE MONITOR] Sale #4 | Product: SFSL001 (SAMSUNG A07 64GB) | Quantity Sold: 1 | Buyer: Walk-in | Total: KSH 17000
[INFO] 2025-11-30 14:11:32 views 59882 137955282056896 - [SALE CREATED] Sale #4 created for SFSL001
[INFO] 2025-11-30 14:11:32 views 59882 137955282056896 - [PRE-SALE] Product: SFSL001 | Current Qty: 1 | Current Status: available
[INFO] 2025-11-30 14:11:32 views 59882 137955282056896 - [POST-SALE] Product: SFSL001 | New Qty: 1 | New Status: available | StockEntry ID: 12
[ERROR] 2025-11-30 14:11:32 views 59882 137955282056896 - [STATUS ERROR] Single item SFSL001 not marked as sold! Current status: available
[WARNING] 2025-11-30 14:11:32 views 59882 137955282056896 - [FORCED UPDATE] Product SFSL001 manually set to SOLD
[INFO] 2025-11-30 15:18:52 signals 81536 124555067146368 - [SALE REVERSAL SIGNAL] Processing reversal for sale #3 | Product: SFSL001 | Type: single | Quantity to Restore: 1
[INFO] 2025-11-30 15:18:52 signals 81536 124555067146368 - [SINGLE ITEM RESTORED] Product: SFSL001 | Status: available → available | Quantity: 0 → 1
[INFO] 2025-11-30 16:25:26 views 80923 135269239121600 - [FIFO SINGLE ITEM] Searching for oldest available unit...
[INFO] 2025-11-30 16:25:26 views 80923 135269239121600 - [FIFO SELECTED] Product: SFSL001 | SKU: 355344366377388 | Status: available | Created: 2025-11-30 09:43:14.158743+00:00 | Age: 0 days
[INFO] 2025-11-30 16:25:26 signals 80923 135269239121600 - [SALE MONITOR] Sale #5 | Product: SFSL001 (SAMSUNG A07 64GB) | Quantity Sold: 1 | Buyer: Walk-in | Total: KSH 17000
[INFO] 2025-11-30 16:25:26 views 80923 135269239121600 - [SALE CREATED] Sale #5 created for SFSL001
[INFO] 2025-11-30 16:25:26 views 80923 135269239121600 - [PRE-SALE] Product: SFSL001 | Current Qty: 1 | Current Status: available
[INFO] 2025-11-30 16:25:26 views 80923 135269239121600 - [POST-SALE] Product: SFSL001 | New Qty: 1 | New Status: available | StockEntry ID: 13
[ERROR] 2025-11-30 16:25:26 views 80923 135269239121600 - [STATUS ERROR] Single item SFSL001 not marked as sold! Current status: available
[WARNING] 2025-11-30 16:25:26 views 80923 135269239121600 - [FORCED UPDATE] Product SFSL001 manually set to SOLD
[INFO] 2025-11-30 16:25:51 views 80923 135269239121600 - [FIFO SINGLE ITEM] Searching for oldest available unit...
[INFO] 2025-11-30 16:25:51 views 80923 135269239121600 - [FIFO SELECTED] Product: SFSL001 | SKU: 355344366377388 | Status: available | Created: 2025-11-30 09:43:14.158743+00:00 | Age: 0 days
[INFO] 2025-11-30 16:25:51 signals 80923 135269239121600 - [SALE MONITOR] Sale #6 | Product: SFSL001 (SAMSUNG A07 64GB) | Quantity Sold: 1 | Buyer: Walk-in | Total: KSH 17000
[INFO] 2025-11-30 16:25:51 views 80923 135269239121600 - [SALE CREATED] Sale #6 created for SFSL001
[INFO] 2025-11-30 16:25:51 views 80923 135269239121600 - [PRE-SALE] Product: SFSL001 | Current Qty: 1 | Current Status: available
[INFO] 2025-11-30 16:25:51 views 80923 135269239121600 - [POST-SALE] Product: SFSL001 | New Qty: 1 | New Status: available | StockEntry ID: 14
[ERROR] 2025-11-30 16:25:51 views 80923 135269239121600 - [STATUS ERROR] Single item SFSL001 not marked as sold! Current status: available
[WARNING] 2025-11-30 16:25:51 views 80923 135269239121600 - [FORCED UPDATE] Product SFSL001 manually set to SOLD
[INFO] 2025-11-30 16:34:56 views 90275 123299798951616 - [FIFO SINGLE ITEM] Searching for oldest available unit...
[INFO] 2025-11-30 16:34:56 views 90275 123299798951616 - [FIFO SELECTED] Product: SFSL001 | SKU: 355344366377388 | Status: available | Created: 2025-11-30 09:43:14.158743+00:00 | Age: 0 days
[INFO] 2025-11-30 16:34:56 signals 90275 123299798951616 - [SALE MONITOR] Sale #7 | Product: SFSL001 (SAMSUNG A07 64GB) | Quantity Sold: 1 | Buyer: Walk-in | Total: KSH 17000
[INFO] 2025-11-30 16:34:56 views 90275 123299798951616 - [SALE CREATED] Sale #7 created for SFSL001
[INFO] 2025-11-30 16:34:56 views 90275 123299798951616 - [PRE-SALE] Product: SFSL001 | Current Qty: 1 | Current Status: available
[INFO] 2025-11-30 16:34:56 views 90275 123299798951616 - [POST-SALE] Product: SFSL001 | New Qty: 1 | New Status: sold | StockEntry ID: 15
[INFO] 2025-11-30 20:59:48 views 2139 133353093199552 - [FIFO SINGLE ITEM] Searching for oldest available unit...
[INFO] 2025-11-30 20:59:48 views 2139 133353093199552 - [FIFO SELECTED] Product: SFSL001 | SKU: 543123478598765423 | Status: available | Created: 2025-11-30 17:53:02.409396+00:00 | Age: 0 days
[INFO] 2025-11-30 20:59:48 signals 2139 133353093199552 - [SALE MONITOR] Sale #1 | Product: SFSL001 (SAMSUNG A15) | Quantity Sold: 1 | Buyer: Walk-in | Total: KSH 25000
[INFO] 2025-11-30 20:59:48 views 2139 133353093199552 - [SALE CREATED] Sale #1 created for SFSL001
[INFO] 2025-11-30 20:59:48 views 2139 133353093199552 - [PRE-SALE] Product: SFSL001 | Current Qty: 1 | Current Status: available
[INFO] 2025-11-30 20:59:48 views 2139 133353093199552 - [POST-SALE] Product: SFSL001 | New Qty: 1 | New Status: sold | StockEntry ID: 11
[INFO] 2025-11-30 21:00:45 views 2139 133353093199552 - [BULK ITEM] Processing sale...
[INFO] 2025-11-30 21:00:45 signals 2139 133353093199552 - [SALE MONITOR] Sale #2 | Product: EFSL001 (ELECTRIC IRON BOX) | Quantity Sold: 1 | Buyer: Walk-in | Total: KSH 1000
[INFO] 2025-11-30 21:00:45 views 2139 133353093199552 - [SALE CREATED] Sale #2 created for EFSL001
[INFO] 2025-11-30 21:00:45 views 2139 133353093199552 - [PRE-SALE] Product: EFSL001 | Current Qty: 5 | Current Status: lowstock
[INFO] 2025-11-30 21:00:45 views 2139 133353093199552 - [POST-SALE] Product: EFSL001 | New Qty: 4 | New Status: lowstock | StockEntry ID: 12
[INFO] 2025-11-30 22:02:32 views 8933 125662415197888 - [BULK ITEM] Processing sale...
[INFO] 2025-11-30 22:02:32 signals 8933 125662415197888 - [SALE MONITOR] Sale #3 | Product: AFSL001 (NORMAL PROTECTORS) | Quantity Sold: 1 | Buyer: Walk-in | Total: KSH 100
[INFO] 2025-11-30 22:02:32 views 8933 125662415197888 - [SALE CREATED] Sale #3 created for AFSL001
[INFO] 2025-11-30 22:02:32 views 8933 125662415197888 - [PRE-SALE] Product: AFSL001 | Current Qty: 50 | Current Status: available
[INFO] 2025-11-30 22:02:32 views 8933 125662415197888 - [POST-SALE] Product: AFSL001 | New Qty: 49 | New Status: available | StockEntry ID: 13
[INFO] 2025-11-30 22:04:11 views 8933 125662415197888 - [FIFO SINGLE ITEM] Searching for oldest available unit...
[INFO] 2025-11-30 22:04:11 views 8933 125662415197888 - [FIFO SELECTED] Product: FFSL001 | SKU: 3457689P0976453 | Status: available | Created: 2025-11-30 17:50:29.549896+00:00 | Age: 0 days
[INFO] 2025-11-30 22:04:11 signals 8933 125662415197888 - [SALE MONITOR] Sale #4 | Product: FFSL001 (BONTEL 100) | Quantity Sold: 1 | Buyer: Walk-in | Total: KSH 1250
[INFO] 2025-11-30 22:04:11 views 8933 125662415197888 - [SALE CREATED] Sale #4 created for FFSL001
[INFO] 2025-11-30 22:04:11 views 8933 125662415197888 - [PRE-SALE] Product: FFSL001 | Current Qty: 1 | Current Status: available
[INFO] 2025-11-30 22:04:11 views 8933 125662415197888 - [POST-SALE] Product: FFSL001 | New Qty: 1 | New Status: sold | StockEntry ID: 14
[INFO] 2025-12-01 10:43:41 views 26031 139960500876992 - [BULK ITEM] Processing sale...
[INFO] 2025-12-01 10:43:41 signals 26031 139960500876992 - [SALE MONITOR] Sale #5 | Product: AFSL001 (NORMAL PROTECTORS) | Quantity Sold: 9 | Buyer: ELKANA | Total: KSH 900
[INFO] 2025-12-01 10:43:41 views 26031 139960500876992 - [SALE CREATED] Sale #5 created for AFSL001
[INFO] 2025-12-01 10:43:41 views 26031 139960500876992 - [PRE-SALE] Product: AFSL001 | Current Qty: 49 | Current Status: available
[INFO] 2025-12-01 10:43:41 views 26031 139960500876992 - [POST-SALE] Product: AFSL001 | New Qty: 40 | New Status: available | StockEntry ID: 15
[INFO] 2025-12-01 13:51:01 views 26517 139402449426112 - [BULK ITEM] Processing sale...
[INFO] 2025-12-01 13:51:01 signals 26517 139402449426112 - [SALE MONITOR] Sale #6 | Product: AFSL001 (NORMAL PROTECTORS) | Quantity Sold: 5 | Buyer: Walk-in | Total: KSH 500
[INFO] 2025-12-01 13:51:01 views 26517 139402449426112 - [SALE CREATED] Sale #6 created for AFSL001
[INFO] 2025-12-01 13:51:01 views 26517 139402449426112 - [PRE-SALE] Product: AFSL001 | Current Qty: 40 | Current Status: available
[INFO] 2025-12-01 13:51:01 views 26517 139402449426112 - [POST-SALE] Product: AFSL001 | New Qty: 35 | New Status: available | StockEntry ID: 16
[INFO] 2025-12-01 13:51:01 views 26517 139402449426112 - [BULK ITEM] Processing sale...
[INFO] 2025-12-01 13:51:01 signals 26517 139402449426112 - [SALE MONITOR] Sale #7 | Product: AFSL002 (21D PROTECTOR) | Quantity Sold: 12 | Buyer: Walk-in | Total: KSH 2400
[INFO] 2025-12-01 13:51:01 views 26517 139402449426112 - [SALE CREATED] Sale #7 created for AFSL002
[INFO] 2025-12-01 13:51:01 views 26517 139402449426112 - [PRE-SALE] Product: AFSL002 | Current Qty: 50 | Current Status: available
[INFO] 2025-12-01 13:51:01 views 26517 139402449426112 - [POST-SALE] Product: AFSL002 | New Qty: 38 | New Status: available | StockEntry ID: 17
[INFO] 2025-12-01 13:51:02 views 26517 139402449426112 - [BULK ITEM] Processing sale...
[INFO] 2025-12-01 13:51:02 signals 26517 139402449426112 - [SALE MONITOR] Sale #8 | Product: EFSL002 (ELECTRIC  KETTLE) | Quantity Sold: 1 | Buyer: Walk-in | Total: KSH 1200
[INFO] 2025-12-01 13:51:02 views 26517 139402449426112 - [SALE CREATED] Sale #8 created for EFSL002
[INFO] 2025-12-01 13:51:02 views 26517 139402449426112 - [PRE-SALE] Product: EFSL002 | Current Qty: 5 | Current Status: lowstock
[INFO] 2025-12-01 13:51:02 views 26517 139402449426112 - [POST-SALE] Product: EFSL002 | New Qty: 4 | New Status: lowstock | StockEntry ID: 18
[INFO] 2025-12-01 14:35:43 views 28916 139335673325248 - [BULK ITEM] Processing sale...
[INFO] 2025-12-01 14:35:43 signals 28916 139335673325248 - [SALE MONITOR] Sale #9 | Product: AFSL002 (21D PROTECTOR) | Quantity Sold: 8 | Buyer: elkana kiprono | Total: KSH 1600
[INFO] 2025-12-01 14:35:43 views 28916 139335673325248 - [SALE CREATED] Sale #9 created for AFSL002
[INFO] 2025-12-01 14:35:43 views 28916 139335673325248 - [PRE-SALE] Product: AFSL002 | Current Qty: 38 | Current Status: available
[INFO] 2025-12-01 14:35:43 views 28916 139335673325248 - [POST-SALE] Product: AFSL002 | New Qty: 30 | New Status: available | StockEntry ID: 19
[INFO] 2025-12-01 14:35:43 views 28916 139335673325248 - [BULK ITEM] Processing sale...
[INFO] 2025-12-01 14:35:43 signals 28916 139335673325248 - [SALE MONITOR] Sale #10 | Product: AFSL001 (NORMAL PROTECTORS) | Quantity Sold: 5 | Buyer: elkana kiprono | Total: KSH 500
[INFO] 2025-12-01 14:35:43 views 28916 139335673325248 - [SALE CREATED] Sale #10 created for AFSL001
[INFO] 2025-12-01 14:35:43 views 28916 139335673325248 - [PRE-SALE] Product: AFSL001 | Current Qty: 35 | Current Status: available
[INFO] 2025-12-01 14:35:43 views 28916 139335673325248 - [POST-SALE] Product: AFSL001 | New Qty: 30 | New Status: available | StockEntry ID: 20
[INFO] 2025-12-01 18:01:36 signals 29849 133753422304960 - [SALE MONITOR] Sale #SL202512011501363FC9F2 | Product: AFSL001 (NORMAL PROTECTORS) | Quantity Sold: 1 | Buyer: Walk-in | Total: KSH 100
[INFO] 2025-12-01 18:01:36 views 29849 133753422304960 - [BATCH SALE 1/3] Sale #SL202512011501363FC9F2 | Product: AFSL001 | Qty: 1 | Total: KSH 100
[INFO] 2025-12-01 18:01:36 signals 29849 133753422304960 - [SALE MONITOR] Sale #SL20251201150136CAAFE8 | Product: AFSL002 (21D PROTECTOR) | Quantity Sold: 1 | Buyer: Walk-in | Total: KSH 200
[INFO] 2025-12-01 18:01:36 views 29849 133753422304960 - [BATCH SALE 2/3] Sale #SL20251201150136CAAFE8 | Product: AFSL002 | Qty: 1 | Total: KSH 200
[INFO] 2025-12-01 18:01:36 signals 29849 133753422304960 - [SALE MONITOR] Sale #SL2025120115013693040A | Product: AFSL003 (METTALIC PROTECTOR) | Quantity Sold: 10 | Buyer: Walk-in | Total: KSH 2500
[INFO] 2025-12-01 18:01:36 views 29849 133753422304960 - [BATCH SALE 3/3] Sale #SL2025120115013693040A | Product: AFSL003 | Qty: 10 | Total: KSH 2500
[INFO] 2025-12-01 18:01:36 views 29849 133753422304960 - [BATCH ETR] Sent ETR-20251201150136-0WM3Dc for batch BATCH-20251201150136-eB9KOL
[INFO] 2025-12-01 18:01:36 views 29849 133753422304960 - [BATCH ETR] Receipt #ETR-20251201150136-0WM3Dc generated for batch BATCH-20251201150136-eB9KOL
[INFO] 2025-12-01 18:01:36 views 29849 133753422304960 - [FISCAL RECEIPT] Generated FR-20251201150136-ZSMuAU for batch BATCH-20251201150136-eB9KOL
[INFO] 2025-12-01 18:01:36 views 29849 133753422304960 - [BATCH FISCAL] Receipt #FR-20251201150136-ZSMuAU for batch BATCH-20251201150136-eB9KOL
[INFO] 2025-12-01 18:32:15 signals 30777 135185607390912 - [SALE MONITOR] Sale #SL20251201153215DADD88 | Product: AFSL001 (NORMAL PROTECTORS) | Quantity Sold: 4 | Buyer: Walk-in | Total: KSH 400
[INFO] 2025-12-01 18:32:15 views 30777 135185607390912 - [BATCH SALE 1/2] Sale #SL20251201153215DADD88 | Product: AFSL001 | Qty: 4 | Total: KSH 400
[INFO] 2025-12-01 18:32:15 signals 30777 135185607390912 - [SALE MONITOR] Sale #SL20251201153215389C3F | Product: AFSL002 (21D PROTECTOR) | Quantity Sold: 4 | Buyer: Walk-in | Total: KSH 800
[INFO] 2025-12-01 18:32:15 views 30777 135185607390912 - [BATCH SALE 2/2] Sale #SL20251201153215389C3F | Product: AFSL002 | Qty: 4 | Total: KSH 800
[INFO] 2025-12-01 18:32:15 views 30777 135185607390912 - [BATCH ETR] Sent ETR-20251201153215-xjPMyE for batch BATCH-20251201153215-ejzUXF
[INFO] 2025-12-01 18:32:15 views 30777 135185607390912 - [BATCH ETR] Receipt #ETR-20251201153215-xjPMyE generated for batch BATCH-20251201153215-ejzUXF
[INFO] 2025-12-01 18:32:15 views 30777 135185607390912 - [FISCAL RECEIPT] Generated FR-20251201153215-zUoUZE for batch BATCH-20251201153215-ejzUXF
[INFO] 2025-12-01 18:32:15 views 30777 135185607390912 - [BATCH FISCAL] Receipt #FR-20251201153215-zUoUZE for batch BATCH-20251201153215-ejzUXF
[INFO] 2025-12-01 18:33:57 signals 30777 135185607390912 - [SALE MONITOR] Sale #SL202512011533577D8824 | Product: AFSL001 (NORMAL PROTECTORS) | Quantity Sold: 1 | Buyer: Walk-in | Total: KSH 100
[INFO] 2025-12-01 18:33:57 views 30777 135185607390912 - [BATCH SALE 1/2] Sale #SL202512011533577D8824 | Product: AFSL001 | Qty: 1 | Total: KSH 100
[INFO] 2025-12-01 18:33:57 signals 30777 135185607390912 - [SALE MONITOR] Sale #SL20251201153357C80C4F | Product: AFSL002 (21D PROTECTOR) | Quantity Sold: 1 | Buyer: Walk-in | Total: KSH 200
[INFO] 2025-12-01 18:33:57 views 30777 135185607390912 - [BATCH SALE 2/2] Sale #SL20251201153357C80C4F | Product: AFSL002 | Qty: 1 | Total: KSH 200
[INFO] 2025-12-01 18:33:57 views 30777 135185607390912 - [BATCH ETR] Sent ETR-20251201153357-OzOUcK for batch BATCH-20251201153357-CDpwRb
[INFO] 2025-12-01 18:33:57 views 30777 135185607390912 - [BATCH ETR] Receipt #ETR-20251201153357-OzOUcK generated for batch BATCH-20251201153357-CDpwRb
[INFO] 2025-12-01 18:33:57 views 30777 135185607390912 - [FISCAL RECEIPT] Generated FR-20251201153357-b3foSD for batch BATCH-20251201153357-CDpwRb
[INFO] 2025-12-01 18:33:57 views 30777 135185607390912 - [BATCH FISCAL] Receipt #FR-20251201153357-b3foSD for batch BATCH-20251201153357-CDpwRb
[INFO] 2025-12-01 19:55:59 signals 31920 126125777045184 - [SALE MONITOR] Sale #SL2025120116555953406B | Product: AFSL001 (NORMAL PROTECTORS) | Quantity Sold: 1 | Buyer: Walk-in Customer | Total: KSH 100
[INFO] 2025-12-01 19:55:59 views 31920 126125777045184 - [BATCH SALE 1/2] Sale #SL2025120116555953406B | Product: AFSL001 | Qty: 1 | Total: KSH 100
[INFO] 2025-12-01 19:55:59 signals 31920 126125777045184 - [SALE MONITOR] Sale #SL20251201165559F30985 | Product: AFSL002 (21D PROTECTOR) | Quantity Sold: 1 | Buyer: Walk-in Customer | Total: KSH 200
[INFO] 2025-12-01 19:55:59 views 31920 126125777045184 - [BATCH SALE 2/2] Sale #SL20251201165559F30985 | Product: AFSL002 | Qty: 1 | Total: KSH 200
[INFO] 2025-12-01 19:55:59 views 31920 126125777045184 - [FISCAL RECEIPT] Batch BATCH-20251201165559-JtSqJi | Receipt: FR-20251201165559-QcZV6v | Items: 2 | Total: KSH 300
[INFO] 2025-12-01 19:55:59 views 31920 126125777045184 - [ETR BATCH] Batch BATCH-20251201165559-JtSqJi | Receipt: ETR-20251201165559-WiSRBT | Items: 2 | Total: KSH 300
[ERROR] 2025-12-01 19:55:59 views 31920 126125777045184 - [BATCH ERROR] Multiple receipt numbers detected! ETRs: ['ETR-20251201165559-WiSRBT', 'ETR-20251201165559-WiSRBT'], Fiscals: ['FR-20251201165559-QcZV6v', 'FR-20251201165559-QcZV6v']
[INFO] 2025-12-01 22:26:08 signals 9446 134826061371072 - [SALE MONITOR] Sale #SL202512011926082D50ED | Product: AFSL001 (NORMAL PROTECTORS) | Quantity Sold: 1 | Buyer: Walk-in Customer | Total: KSH 100
[INFO] 2025-12-01 22:26:08 views 9446 134826061371072 - [BATCH SALE 1/3] Sale #SL202512011926082D50ED | Product: AFSL001 | Qty: 1 | Total: KSH 100
[INFO] 2025-12-01 22:26:08 signals 9446 134826061371072 - [SALE MONITOR] Sale #SL202512011926084D14A4 | Product: AFSL002 (21D PROTECTOR) | Quantity Sold: 1 | Buyer: Walk-in Customer | Total: KSH 200
[INFO] 2025-12-01 22:26:08 views 9446 134826061371072 - [BATCH SALE 2/3] Sale #SL202512011926084D14A4 | Product: AFSL002 | Qty: 1 | Total: KSH 200
[INFO] 2025-12-01 22:26:08 signals 9446 134826061371072 - [SALE MONITOR] Sale #SL2025120119260812F173 | Product: AFSL003 (METTALIC PROTECTOR) | Quantity Sold: 5 | Buyer: Walk-in Customer | Total: KSH 1250
[INFO] 2025-12-01 22:26:08 views 9446 134826061371072 - [BATCH SALE 3/3] Sale #SL2025120119260812F173 | Product: AFSL003 | Qty: 5 | Total: KSH 1250
[INFO] 2025-12-01 22:26:08 views 9446 134826061371072 - [FISCAL RECEIPT] Batch BATCH-20251201192608-YMZow2 | Receipt: FR-20251201192608-SfYP2e | Items: 3 | Total: KSH 1550
[INFO] 2025-12-01 22:26:08 views 9446 134826061371072 - [ETR BATCH] Batch BATCH-20251201192608-YMZow2 | Receipt: ETR-20251201192608-8P4hzM | Items: 3 | Total: KSH 1550
[ERROR] 2025-12-01 22:26:08 views 9446 134826061371072 - [BATCH ERROR] Multiple receipt numbers detected! ETRs: ['ETR-20251201192608-8P4hzM', 'ETR-20251201192608-8P4hzM', 'ETR-20251201192608-8P4hzM'], Fiscals: ['FR-20251201192608-SfYP2e', 'FR-20251201192608-SfYP2e', 'FR-20251201192608-SfYP2e']
[INFO] 2025-12-01 22:36:59 signals 9446 134826061371072 - [SALE MONITOR] Sale #SL20251201193659D7FDA9 | Product: AFSL001 (NORMAL PROTECTORS) | Quantity Sold: 1 | Buyer: Walk-in Customer | Total: KSH 100
[INFO] 2025-12-01 22:36:59 views 9446 134826061371072 - [BATCH SALE 1/2] Sale #SL20251201193659D7FDA9 | Product: AFSL001 | Qty: 1 | Total: KSH 100
[INFO] 2025-12-01 22:36:59 signals 9446 134826061371072 - [SALE MONITOR] Sale #SL202512011936598FF1F7 | Product: AFSL002 (21D PROTECTOR) | Quantity Sold: 1 | Buyer: Walk-in Customer | Total: KSH 200
[INFO] 2025-12-01 22:36:59 views 9446 134826061371072 - [BATCH SALE 2/2] Sale #SL202512011936598FF1F7 | Product: AFSL002 | Qty: 1 | Total: KSH 200
[INFO] 2025-12-01 22:36:59 views 9446 134826061371072 - [FISCAL RECEIPT] Batch BATCH-20251201193659-HD45T7 | Receipt: FR-20251201193659-GhxF5h | Items: 2 | Total: KSH 300
[INFO] 2025-12-01 22:36:59 views 9446 134826061371072 - [ETR BATCH] Batch BATCH-20251201193659-HD45T7 | Receipt: ETR-20251201193659-ET614b | Items: 2 | Total: KSH 300
[ERROR] 2025-12-01 22:36:59 views 9446 134826061371072 - [BATCH ERROR] Multiple receipt numbers detected! ETRs: ['ETR-20251201193659-ET614b', 'ETR-20251201193659-ET614b'], Fiscals: ['FR-20251201193659-GhxF5h', 'FR-20251201193659-GhxF5h']
[INFO] 2025-12-01 23:08:27 signals 18162 126685697537728 - [SALE MONITOR] Sale #SL202512012008271634E8 | Product: AFSL001 (NORMAL PROTECTORS) | Quantity Sold: 1 | Buyer: Walk-in Customer | Total: KSH 100
[INFO] 2025-12-01 23:08:27 views 18162 126685697537728 - [BATCH SALE 1/2] Sale #SL202512012008271634E8 | Product: AFSL001 | Qty: 1 | Total: KSH 100
[INFO] 2025-12-01 23:08:27 signals 18162 126685697537728 - [SALE MONITOR] Sale #SL20251201200827D68B91 | Product: AFSL002 (21D PROTECTOR) | Quantity Sold: 1 | Buyer: Walk-in Customer | Total: KSH 200
[INFO] 2025-12-01 23:08:27 views 18162 126685697537728 - [BATCH SALE 2/2] Sale #SL20251201200827D68B91 | Product: AFSL002 | Qty: 1 | Total: KSH 200
[INFO] 2025-12-01 23:08:27 views 18162 126685697537728 - [FISCAL RECEIPT] Batch BATCH-20251201200827-AGyNI3 | Receipt: FR-20251201200827-R1EECH | Items: 2 | Total: KSH 300
[INFO] 2025-12-01 23:08:27 views 18162 126685697537728 - [ETR BATCH] Batch BATCH-20251201200827-AGyNI3 | Receipt: ETR-20251201200827-rRPOj8 | Items: 2 | Total: KSH 300
[ERROR] 2025-12-01 23:08:27 views 18162 126685697537728 - [BATCH ERROR] Multiple receipt numbers detected! ETRs: ['ETR-20251201200827-rRPOj8', 'ETR-20251201200827-rRPOj8'], Fiscals: ['FR-20251201200827-R1EECH', 'FR-20251201200827-R1EECH']
[INFO] 2025-12-01 23:15:34 signals 19646 132982111958720 - [SALE MONITOR] Sale #SL202512012015341692DC | Product: AFSL001 (NORMAL PROTECTORS) | Quantity Sold: 1 | Buyer: Walk-in Customer | Total: KSH 100
[INFO] 2025-12-01 23:15:34 views 19646 132982111958720 - [BATCH SALE 1/5] Sale #SL202512012015341692DC | Product: AFSL001 | Qty: 1 | Total: KSH 100
[INFO] 2025-12-01 23:15:34 signals 19646 132982111958720 - [SALE MONITOR] Sale #SL202512012015349BD2DC | Product: AFSL002 (21D PROTECTOR) | Quantity Sold: 1 | Buyer: Walk-in Customer | Total: KSH 200
[INFO] 2025-12-01 23:15:34 views 19646 132982111958720 - [BATCH SALE 2/5] Sale #SL202512012015349BD2DC | Product: AFSL002 | Qty: 1 | Total: KSH 200
[INFO] 2025-12-01 23:15:34 signals 19646 132982111958720 - [SALE MONITOR] Sale #SL2025120120153440E0AA | Product: AFSL003 (METTALIC PROTECTOR) | Quantity Sold: 1 | Buyer: Walk-in Customer | Total: KSH 250
[INFO] 2025-12-01 23:15:34 views 19646 132982111958720 - [BATCH SALE 3/5] Sale #SL2025120120153440E0AA | Product: AFSL003 | Qty: 1 | Total: KSH 250
[INFO] 2025-12-01 23:15:34 signals 19646 132982111958720 - [SALE MONITOR] Sale #SL202512012015349176DA | Product: EFSL001 (ELECTRIC IRON BOX) | Quantity Sold: 1 | Buyer: Walk-in Customer | Total: KSH 1000
[INFO] 2025-12-01 23:15:34 views 19646 132982111958720 - [BATCH SALE 4/5] Sale #SL202512012015349176DA | Product: EFSL001 | Qty: 1 | Total: KSH 1000
[INFO] 2025-12-01 23:15:34 signals 19646 132982111958720 - [SALE MONITOR] Sale #SL20251201201534248BDA | Product: EFSL002 (ELECTRIC  KETTLE) | Quantity Sold: 1 | Buyer: Walk-in Customer | Total: KSH 1200
[INFO] 2025-12-01 23:15:34 views 19646 132982111958720 - [BATCH SALE 5/5] Sale #SL20251201201534248BDA | Product: EFSL002 | Qty: 1 | Total: KSH 1200
[INFO] 2025-12-01 23:15:34 views 19646 132982111958720 - [FISCAL RECEIPT] Batch BATCH-20251201201534-FJSHYr | Receipt: FR-20251201201534-ek6Z2z | Items: 5 | Total: KSH 2750
[INFO] 2025-12-01 23:15:34 views 19646 132982111958720 - [ETR BATCH] Batch BATCH-20251201201534-FJSHYr | Receipt: ETR-20251201201534-Uzx1Vt | Items: 5 | Total: KSH 2750
[ERROR] 2025-12-01 23:15:34 views 19646 132982111958720 - [BATCH ERROR] Multiple receipt numbers detected! ETRs: ['ETR-20251201201534-Uzx1Vt', 'ETR-20251201201534-Uzx1Vt', 'ETR-20251201201534-Uzx1Vt', 'ETR-20251201201534-Uzx1Vt', 'ETR-20251201201534-Uzx1Vt'], Fiscals: ['FR-20251201201534-ek6Z2z', 'FR-20251201201534-ek6Z2z', 'FR-20251201201534-ek6Z2z', 'FR-20251201201534-ek6Z2z', 'FR-20251201201534-ek6Z2z']
[INFO] 2025-12-02 07:12:02 signals 43616 123585314010816 - [SALE MONITOR] Sale #SL202512020412024EEDF7 | Product: AFSL001 (NORMAL PROTECTORS) | Quantity Sold: 1 | Buyer: Walk-in Customer | Total: KSH 100
[INFO] 2025-12-02 07:12:02 views 43616 123585314010816 - [BATCH SALE 1/3] Sale #SL202512020412024EEDF7 | Product: AFSL001 | Qty: 1 | Total: KSH 100
[INFO] 2025-12-02 07:12:02 signals 43616 123585314010816 - [SALE MONITOR] Sale #SL20251202041202D31D0F | Product: AFSL002 (21D PROTECTOR) | Quantity Sold: 1 | Buyer: Walk-in Customer | Total: KSH 200
[INFO] 2025-12-02 07:12:02 views 43616 123585314010816 - [BATCH SALE 2/3] Sale #SL20251202041202D31D0F | Product: AFSL002 | Qty: 1 | Total: KSH 200
[INFO] 2025-12-02 07:12:02 signals 43616 123585314010816 - [SALE MONITOR] Sale #SL2025120204120234163C | Product: AFSL003 (METTALIC PROTECTOR) | Quantity Sold: 1 | Buyer: Walk-in Customer | Total: KSH 250
[INFO] 2025-12-02 07:12:02 views 43616 123585314010816 - [BATCH SALE 3/3] Sale #SL2025120204120234163C | Product: AFSL003 | Qty: 1 | Total: KSH 250
[INFO] 2025-12-02 07:12:02 models 43616 123585314010816 - [ETR ASSIGNED] Batch: BATCH-20251202041202-SNWTEg | Receipt: Rcpt_No:0001 | Counter: 1 | Sales updated: 3
[INFO] 2025-12-02 07:12:02 views 43616 123585314010816 - [ETR BATCH] Batch BATCH-20251202041202-SNWTEg | Receipt: Rcpt_No:0001 | Fiscal: FR-20251202041202-2O3vXz | Items: 3 | Total: KSH 550
[ERROR] 2025-12-02 07:12:02 views 43616 123585314010816 - [BATCH ERROR] Multiple receipt numbers detected! ETRs: ['Rcpt_No:0001', 'Rcpt_No:0001', 'Rcpt_No:0001'], Fiscals: ['FR-20251202041202-2O3vXz', 'FR-20251202041202-2O3vXz', 'FR-20251202041202-2O3vXz']
[ERROR] 2025-12-02 07:12:02 views 43616 123585314010816 - Batch sale error: Multiple receipt numbers in batch!
Traceback (most recent call last):
  File "/home/kk/fieldmax/sales/views.py", line 1230, in post
    raise ValueError("Multiple receipt numbers in batch!")
ValueError: Multiple receipt numbers in batch!
[INFO] 2025-12-02 09:42:52 signals 1884 124266536990400 - [SALE MONITOR] Sale #SL20251202064252F9B6D8 | Product: AFSL001 (NORMAL PROTECTORS) | Quantity Sold: 1 | Buyer: Walk-in Customer | Total: KSH 100
[INFO] 2025-12-02 09:42:52 views 1884 124266536990400 - [BATCH SALE 1/3] Sale #SL20251202064252F9B6D8 | Product: AFSL001 | Qty: 1 | Total: KSH 100
[INFO] 2025-12-02 09:42:52 signals 1884 124266536990400 - [SALE MONITOR] Sale #SL20251202064252AC4935 | Product: AFSL002 (21D PROTECTOR) | Quantity Sold: 1 | Buyer: Walk-in Customer | Total: KSH 200
[INFO] 2025-12-02 09:42:52 views 1884 124266536990400 - [BATCH SALE 2/3] Sale #SL20251202064252AC4935 | Product: AFSL002 | Qty: 1 | Total: KSH 200
[INFO] 2025-12-02 09:42:52 signals 1884 124266536990400 - [SALE MONITOR] Sale #SL202512020642521B8D19 | Product: AFSL003 (METTALIC PROTECTOR) | Quantity Sold: 1 | Buyer: Walk-in Customer | Total: KSH 250
[INFO] 2025-12-02 09:42:52 views 1884 124266536990400 - [BATCH SALE 3/3] Sale #SL202512020642521B8D19 | Product: AFSL003 | Qty: 1 | Total: KSH 250
[INFO] 2025-12-02 09:42:52 models 1884 124266536990400 - [ETR ASSIGNED] Batch: BATCH-20251202064252-eFFUNv | Receipt: Rcpt_No:0002 | Counter: 2 | Sales updated: 3
[INFO] 2025-12-02 09:42:52 views 1884 124266536990400 - [ETR BATCH] Batch BATCH-20251202064252-eFFUNv | Receipt: Rcpt_No:0002 | Fiscal: FR-20251202064252-LLDeBu | Items: 3 | Total: KSH 550
[ERROR] 2025-12-02 09:42:52 views 1884 124266536990400 - Batch sale error: cannot access local variable 'batch_sales' where it is not associated with a value
Traceback (most recent call last):
  File "/home/kk/fieldmax/sales/views.py", line 1220, in post
    all_etr_numbers = list(batch_sales.values_list('etr_receipt_number', flat=True))
                           ^^^^^^^^^^^
UnboundLocalError: cannot access local variable 'batch_sales' where it is not associated with a value
[INFO] 2025-12-02 10:07:38 signals 5732 126158569588416 - [SALE MONITOR] Sale #SL202512020707387AB959 | Product: AFSL001 (NORMAL PROTECTORS) | Quantity Sold: 1 | Buyer: Walk-in Customer | Total: KSH 100
[INFO] 2025-12-02 10:07:38 views 5732 126158569588416 - [BATCH SALE 1/3] Sale #SL202512020707387AB959 | Product: AFSL001 | Qty: 1 | Total: KSH 100
[INFO] 2025-12-02 10:07:39 signals 5732 126158569588416 - [SALE MONITOR] Sale #SL20251202070738AE5264 | Product: AFSL002 (21D PROTECTOR) | Quantity Sold: 1 | Buyer: Walk-in Customer | Total: KSH 200
[INFO] 2025-12-02 10:07:39 views 5732 126158569588416 - [BATCH SALE 2/3] Sale #SL20251202070738AE5264 | Product: AFSL002 | Qty: 1 | Total: KSH 200
[INFO] 2025-12-02 10:07:39 signals 5732 126158569588416 - [SALE MONITOR] Sale #SL202512020707398CF7F1 | Product: AFSL003 (METTALIC PROTECTOR) | Quantity Sold: 1 | Buyer: Walk-in Customer | Total: KSH 250
[INFO] 2025-12-02 10:07:39 views 5732 126158569588416 - [BATCH SALE 3/3] Sale #SL202512020707398CF7F1 | Product: AFSL003 | Qty: 1 | Total: KSH 250
[INFO] 2025-12-02 10:07:39 models 5732 126158569588416 - [ETR ASSIGNED] Batch: BATCH-20251202070738-b07JEJ | Receipt: Rcpt_No:0003 | Counter: 3 | Sales updated: 3
[INFO] 2025-12-02 10:07:39 views 5732 126158569588416 - [ETR BATCH] Batch BATCH-20251202070738-b07JEJ | Receipt: Rcpt_No:0003 | Fiscal: FR-20251202070739-BbDRiA | Items: 3 | Total: KSH 550
[INFO] 2025-12-02 10:07:39 views 5732 126158569588416 - [BATCH VALIDATION] Batch BATCH-20251202070738-b07JEJ | Total Sales: 3 | Unique ETRs: ['Rcpt_No:0003'] | Unique Fiscals: ['FR-20251202070739-BbDRiA']
[INFO] 2025-12-02 10:07:39 views 5732 126158569588416 - [BATCH SUCCESS] Single receipt confirmed ✓ | ETR: Rcpt_No:0003 | Fiscal: FR-20251202070739-BbDRiA | 
[INFO] 2025-12-02 10:07:42 views 5732 126158569588416 - [BATCH RECEIPT] Batch: BATCH-20251202070738-b07JEJ | Receipt: Rcpt_No:0003 | Items: 3 | Total: KSH 550.0
[INFO] 2025-12-02 10:25:30 views 5732 126158569588416 - [BATCH RECEIPT] Batch: BATCH-20251202070738-b07JEJ | Receipt: Rcpt_No:0003 | Items: 3 | Total: KSH 550.0
[INFO] 2025-12-02 10:25:37 views 5732 126158569588416 - [BATCH RECEIPT] Batch: BATCH-20251202070738-b07JEJ | Receipt: Rcpt_No:0003 | Items: 3 | Total: KSH 550.0
[INFO] 2025-12-02 10:25:58 views 5732 126158569588416 - [BATCH RECEIPT] Batch: BATCH-20251202070738-b07JEJ | Receipt: Rcpt_No:0003 | Items: 3 | Total: KSH 550.0
[INFO] 2025-12-02 10:26:04 views 5732 126158569588416 - [BATCH RECEIPT] Batch: BATCH-20251202070738-b07JEJ | Receipt: Rcpt_No:0003 | Items: 3 | Total: KSH 550.0
[INFO] 2025-12-02 10:26:10 views 5732 126158569588416 - [BATCH RECEIPT] Batch: BATCH-20251202070738-b07JEJ | Receipt: Rcpt_No:0003 | Items: 3 | Total: KSH 550.0
[INFO] 2025-12-02 10:40:41 views 5732 126158569588416 - [BATCH RECEIPT] Batch: BATCH-20251202070738-b07JEJ | Receipt: Rcpt_No:0003 | Items: 3 | Total: KSH 550.0
[INFO] 2025-12-02 11:09:59 views 5732 126158569588416 - [BATCH RECEIPT] Batch: BATCH-20251202070738-b07JEJ | Receipt: Rcpt_No:0003 | Items: 3 | Total: KSH 550.0
[INFO] 2025-12-02 11:11:51 signals 5732 126158569588416 - [SALE MONITOR] Sale #SL2025120208115114466A | Product: FFSL002 (NOKIA 105) | Quantity Sold: 1 | Buyer: Walk-in Customer | Total: KSH 1750
[INFO] 2025-12-02 11:11:51 views 5732 126158569588416 - [BATCH SALE 1/1] Sale #SL2025120208115114466A | Product: FFSL002 | Qty: 1 | Total: KSH 1750
[INFO] 2025-12-02 11:11:51 models 5732 126158569588416 - [ETR ASSIGNED] Batch: BATCH-20251202081151-TruLow | Receipt: Rcpt_No:0004 | Counter: 4 | Sales updated: 1
[INFO] 2025-12-02 11:11:52 views 5732 126158569588416 - [ETR BATCH] Batch BATCH-20251202081151-TruLow | Receipt: Rcpt_No:0004 | Fiscal: FR-20251202081151-P9xDMp | Items: 1 | Total: KSH 1750
[INFO] 2025-12-02 11:11:52 views 5732 126158569588416 - [BATCH VALIDATION] Batch BATCH-20251202081151-TruLow | Total Sales: 1 | Unique ETRs: ['Rcpt_No:0004'] | Unique Fiscals: ['FR-20251202081151-P9xDMp']
[INFO] 2025-12-02 11:11:52 views 5732 126158569588416 - [BATCH SUCCESS] Single receipt confirmed ✓ | ETR: Rcpt_No:0004 | Fiscal: FR-20251202081151-P9xDMp | 
[INFO] 2025-12-02 11:11:54 views 5732 126158569588416 - [BATCH RECEIPT] Batch: BATCH-20251202081151-TruLow | Receipt: Rcpt_No:0004 | Items: 1 | Total: KSH 1750.0
[INFO] 2025-12-02 11:13:31 views 5732 126158569588416 - [BATCH RECEIPT] Batch: BATCH-20251202081151-TruLow | Receipt: Rcpt_No:0004 | Items: 1 | Total: KSH 1750.0
[ERROR] 2025-12-02 13:41:24 views 16598 129721648084672 - Batch sale error: 'Sale' object has no attribute 'product'
Traceback (most recent call last):
  File "/home/kk/fieldmax/sales/views.py", line 1073, in post
    sale = Sale.objects.create(
           ^^^^^^^^^^^^^^^^^^^^
  File "/home/kk/fieldmax/venv/lib/python3.12/site-packages/django/db/models/manager.py", line 87, in manager_method
    return getattr(self.get_queryset(), name)(*args, **kwargs)
           ^^^^^^^^^^^^^^^^^^^^^^^^^^^^^^^^^^^^^^^^^^^^^^^^^^^
  File "/home/kk/fieldmax/venv/lib/python3.12/site-packages/django/db/models/query.py", line 665, in create
    obj.save(force_insert=True, using=self.db)
  File "/home/kk/fieldmax/sales/models.py", line 123, in save
    super().save(*args, **kwargs)
  File "/home/kk/fieldmax/venv/lib/python3.12/site-packages/django/db/models/base.py", line 902, in save
    self.save_base(
  File "/home/kk/fieldmax/venv/lib/python3.12/site-packages/django/db/models/base.py", line 1023, in save_base
    post_save.send(
  File "/home/kk/fieldmax/venv/lib/python3.12/site-packages/django/dispatch/dispatcher.py", line 189, in send
    response = receiver(signal=self, sender=sender, **named)
               ^^^^^^^^^^^^^^^^^^^^^^^^^^^^^^^^^^^^^^^^^^^^^
  File "/home/kk/fieldmax/sales/signals.py", line 24, in update_product_on_sale
    f"Product: {instance.product.product_code} ({instance.product.name}) | "
                ^^^^^^^^^^^^^^^^
AttributeError: 'Sale' object has no attribute 'product'
[INFO] 2025-12-02 13:48:42 views 20582 129824020059840 - [SALE CREATED] Sale ID: SL20251202104842E3486A | Items to process: 4
[INFO] 2025-12-02 13:48:42 models 20582 129824020059840 - [ITEM SOLD] Sale: SL20251202104842E3486A | Product: AFSL001 | Qty: 1 | New Stock: 49 | Status: available
[INFO] 2025-12-02 13:48:42 views 20582 129824020059840 - [ITEM 1/4] Product: AFSL001 | Qty: 1 | Total: KSH 100
[INFO] 2025-12-02 13:48:42 models 20582 129824020059840 - [ITEM SOLD] Sale: SL20251202104842E3486A | Product: AFSL002 | Qty: 1 | New Stock: 49 | Status: available
[INFO] 2025-12-02 13:48:42 views 20582 129824020059840 - [ITEM 2/4] Product: AFSL002 | Qty: 1 | Total: KSH 200
[INFO] 2025-12-02 13:48:42 models 20582 129824020059840 - [ITEM SOLD] Sale: SL20251202104842E3486A | Product: EFSL001 | Qty: 1 | New Stock: 9 | Status: available
[INFO] 2025-12-02 13:48:42 views 20582 129824020059840 - [ITEM 3/4] Product: EFSL001 | Qty: 1 | Total: KSH 800
[INFO] 2025-12-02 13:48:42 models 20582 129824020059840 - [ITEM SOLD] Sale: SL20251202104842E3486A | Product: EFSL002 | Qty: 1 | New Stock: 9 | Status: available
[INFO] 2025-12-02 13:48:42 views 20582 129824020059840 - [ITEM 4/4] Product: EFSL002 | Qty: 1 | Total: KSH 1200
[INFO] 2025-12-02 13:48:42 models 20582 129824020059840 - [ETR ASSIGNED] Sale: SL20251202104842E3486A | Receipt: Rcpt_No:0001 | Counter: 1 | Items: 4
[INFO] 2025-12-02 13:48:42 views 20582 129824020059840 - [SALE COMPLETED] Sale: SL20251202104842E3486A | Receipt: Rcpt_No:0001 | Items: 4 | Total: KSH 2300.00
[INFO] 2025-12-02 13:54:58 views 21005 134478072116928 - [SALE CREATED] Sale ID: SL202512021054587CD177 | Items to process: 1
[INFO] 2025-12-02 13:54:58 models 21005 134478072116928 - [ITEM SOLD] Sale: SL202512021054587CD177 | Product: SFSL001 | Qty: 1 | New Stock: 1 | Status: sold
[INFO] 2025-12-02 13:54:58 views 21005 134478072116928 - [ITEM 1/1] Product: SFSL001 | Qty: 1 | Total: KSH 17000
[INFO] 2025-12-02 13:54:58 models 21005 134478072116928 - [ETR ASSIGNED] Sale: SL202512021054587CD177 | Receipt: Rcpt_No:0002 | Counter: 2 | Items: 1
[INFO] 2025-12-02 13:54:58 views 21005 134478072116928 - [SALE COMPLETED] Sale: SL202512021054587CD177 | Receipt: Rcpt_No:0002 | Items: 1 | Total: KSH 17000.00
[INFO] 2025-12-02 15:55:37 views 2310 125423044261568 - [SALE CREATED] Sale ID: SL20251202125537AC7EF8 | Items to process: 2
[INFO] 2025-12-02 15:55:37 models 2310 125423044261568 - [ITEM SOLD] Sale: SL20251202125537AC7EF8 | Product: AFSL001 | Qty: 2 | New Stock: 47 | Status: available
[INFO] 2025-12-02 15:55:37 views 2310 125423044261568 - [ITEM 1/2] Product: AFSL001 | Qty: 2 | Total: KSH 200
[INFO] 2025-12-02 15:55:37 models 2310 125423044261568 - [ITEM SOLD] Sale: SL20251202125537AC7EF8 | Product: AFSL003 | Qty: 5 | New Stock: 15 | Status: available
[INFO] 2025-12-02 15:55:37 views 2310 125423044261568 - [ITEM 2/2] Product: AFSL003 | Qty: 5 | Total: KSH 1000
[INFO] 2025-12-02 15:55:37 models 2310 125423044261568 - [ETR ASSIGNED] Sale: SL20251202125537AC7EF8 | Receipt: Rcpt_No:0003 | Counter: 3 | Items: 2
[INFO] 2025-12-02 15:55:37 views 2310 125423044261568 - [SALE COMPLETED] Sale: SL20251202125537AC7EF8 | Receipt: Rcpt_No:0003 | Items: 2 | Total: KSH 1200.00
[INFO] 2025-12-02 15:57:15 views 2310 125423044261568 - [SALE CREATED] Sale ID: SL202512021257158CD49A | Items to process: 1
[INFO] 2025-12-02 15:57:15 models 2310 125423044261568 - [ITEM SOLD] Sale: SL202512021257158CD49A | Product: AFSL001 | Qty: 2 | New Stock: 45 | Status: available
[INFO] 2025-12-02 15:57:15 views 2310 125423044261568 - [ITEM 1/1] Product: AFSL001 | Qty: 2 | Total: KSH 200
[INFO] 2025-12-02 15:57:15 models 2310 125423044261568 - [ETR ASSIGNED] Sale: SL202512021257158CD49A | Receipt: Rcpt_No:0004 | Counter: 4 | Items: 1
[INFO] 2025-12-02 15:57:15 views 2310 125423044261568 - [SALE COMPLETED] Sale: SL202512021257158CD49A | Receipt: Rcpt_No:0004 | Items: 1 | Total: KSH 200.00
[INFO] 2025-12-02 16:29:59 models 23901 130090007434944 - [SALE ID GENERATED] Year: 2025 | Counter: 1 | Sale ID: FSL2025001
[INFO] 2025-12-02 16:29:59 views 23901 130090007434944 - [SALE CREATED] Sale ID: FSL2025001 | Items to process: 2
[INFO] 2025-12-02 16:29:59 models 23901 130090007434944 - [ITEM SOLD] Sale: FSL2025001 | Product: AFSL001 | Qty: 1 | New Stock: 44 | Status: available
[INFO] 2025-12-02 16:29:59 views 23901 130090007434944 - [ITEM 1/2] Product: AFSL001 | Qty: 1 | Total: KSH 100
[INFO] 2025-12-02 16:29:59 models 23901 130090007434944 - [ITEM SOLD] Sale: FSL2025001 | Product: AFSL001 | Qty: 1 | New Stock: 43 | Status: available
[INFO] 2025-12-02 16:29:59 views 23901 130090007434944 - [ITEM 2/2] Product: AFSL001 | Qty: 1 | Total: KSH 100
[INFO] 2025-12-02 16:29:59 models 23901 130090007434944 - [ETR ASSIGNED] Sale: FSL2025001 | Receipt: Rcpt_No:0005 | Counter: 5 | Items: 2
[INFO] 2025-12-02 16:29:59 views 23901 130090007434944 - [SALE COMPLETED] Sale: FSL2025001 | Receipt: Rcpt_No:0005 | Items: 2 | Total: KSH 200.00
[INFO] 2025-12-02 17:01:46 models 30283 140018231187136 - [SALE ID GENERATED] Year: 2025 | Counter: 2 | Sale ID: FSL2025002
[INFO] 2025-12-02 17:01:46 views 30283 140018231187136 - [SALE CREATED] Sale ID: FSL2025002 | Items to process: 1
[INFO] 2025-12-02 17:01:46 models 30283 140018231187136 - [ITEM SOLD] Sale: FSL2025002 | Product: AFSL001 | Qty: 3 | New Stock: 40 | Status: available
[INFO] 2025-12-02 17:01:46 views 30283 140018231187136 - [ITEM 1/1] Product: AFSL001 | Qty: 3 | Total: KSH 300
[INFO] 2025-12-02 17:01:46 models 30283 140018231187136 - [ETR ASSIGNED] Sale: FSL2025002 | Receipt: 0006 | Counter: 6 | Items: 1
[INFO] 2025-12-02 17:01:46 views 30283 140018231187136 - [SALE COMPLETED] Sale: FSL2025002 | Receipt: 0006 | Items: 1 | Total: KSH 300.00
[INFO] 2025-12-02 17:07:40 models 30283 140018231187136 - [SALE ID GENERATED] Year: 2025 | Counter: 3 | Sale ID: FSL2025003
[INFO] 2025-12-02 17:07:40 views 30283 140018231187136 - [SALE CREATED] Sale ID: FSL2025003 | Items to process: 2
[INFO] 2025-12-02 17:07:40 models 30283 140018231187136 - [ITEM SOLD] Sale: FSL2025003 | Product: AFSL003 | Qty: 5 | New Stock: 10 | Status: available
[INFO] 2025-12-02 17:07:40 views 30283 140018231187136 - [ITEM 1/2] Product: AFSL003 | Qty: 5 | Total: KSH 1500
[INFO] 2025-12-02 17:07:40 models 30283 140018231187136 - [ITEM SOLD] Sale: FSL2025003 | Product: EFSL001 | Qty: 4 | New Stock: 5 | Status: lowstock
[INFO] 2025-12-02 17:07:40 views 30283 140018231187136 - [ITEM 2/2] Product: EFSL001 | Qty: 4 | Total: KSH 2800
[INFO] 2025-12-02 17:07:40 models 30283 140018231187136 - [ETR ASSIGNED] Sale: FSL2025003 | Receipt: 0007 | Counter: 7 | Items: 2
[INFO] 2025-12-02 17:07:40 views 30283 140018231187136 - [SALE COMPLETED] Sale: FSL2025003 | Receipt: 0007 | Items: 2 | Total: KSH 4300.00
[INFO] 2025-12-02 20:52:04 models 1673 138694590846656 - [SALE ID GENERATED] Year: 2025 | Counter: 4 | Sale ID: FSL2025004
[INFO] 2025-12-02 20:52:04 views 1673 138694590846656 - [SALE CREATED] Sale ID: FSL2025004 | Items to process: 2
[INFO] 2025-12-02 20:52:04 models 1673 138694590846656 - [ITEM SOLD] Sale: FSL2025004 | Product: AFSL001 | Qty: 1 | New Stock: 39 | Status: available
[INFO] 2025-12-02 20:52:04 views 1673 138694590846656 - [ITEM 1/2] Product: AFSL001 | Qty: 1 | Total: KSH 345
[INFO] 2025-12-02 20:52:04 models 1673 138694590846656 - [ITEM SOLD] Sale: FSL2025004 | Product: EFSL001 | Qty: 1 | New Stock: 4 | Status: lowstock
[INFO] 2025-12-02 20:52:04 views 1673 138694590846656 - [ITEM 2/2] Product: EFSL001 | Qty: 1 | Total: KSH 800
[INFO] 2025-12-02 20:52:04 models 1673 138694590846656 - [ETR ASSIGNED] Sale: FSL2025004 | Receipt: 0008 | Counter: 8 | Items: 2
[INFO] 2025-12-02 20:52:04 views 1673 138694590846656 - [SALE COMPLETED] Sale: FSL2025004 | Receipt: 0008 | Items: 2 | Total: KSH 1145.00
[INFO] 2025-12-05 13:02:00 models 1561 138531700999872 - [SALE ID GENERATED] Year: 2025 | Counter: 5 | Sale ID: FSL2025005
[INFO] 2025-12-05 13:02:00 views 1561 138531700999872 - [SALE CREATED] Sale ID: FSL2025005 | Items to process: 1
[INFO] 2025-12-05 13:02:00 models 1561 138531700999872 - [ITEM SOLD] Sale: FSL2025005 | Product: TFSL001 | Qty: 1 | New Stock: 1 | Status: sold
[INFO] 2025-12-05 13:02:00 views 1561 138531700999872 - [ITEM 1/1] Product: TFSL001 | Qty: 1 | Total: KSH 24000
[INFO] 2025-12-05 13:02:00 models 1561 138531700999872 - [ETR ASSIGNED] Sale: FSL2025005 | Receipt: 0009 | Counter: 9 | Items: 1
[INFO] 2025-12-05 13:02:00 views 1561 138531700999872 - [SALE COMPLETED] Sale: FSL2025005 | Receipt: 0009 | Items: 1 | Total: KSH 24000.00
[ERROR] 2025-12-05 15:46:06 signals 13735 132623279263872 - [REVERSAL SIGNAL ERROR] Failed to restore product for sale #FSL2025005: 'Sale' object has no attribute 'product'
Traceback (most recent call last):
  File "/home/kk/fieldmax/sales/signals.py", line 67, in restore_product_on_reversal
    product = instance.product
              ^^^^^^^^^^^^^^^^
AttributeError: 'Sale' object has no attribute 'product'
[INFO] 2025-12-05 18:33:25 signals 29057 130169258283136 - [SALE REVERSAL SIGNAL] Processing reversal for sale #FSL2025004 | Product: AFSL001 | Quantity: 1
[INFO] 2025-12-05 18:33:25 signals 29057 130169258283136 - [BULK ITEM RESTORED] Product: AFSL001 | Quantity: 40 → 41 | Status: available → available
[INFO] 2025-12-05 18:33:25 signals 29057 130169258283136 - [STOCK ENTRY CREATED] Product: AFSL001 | Quantity: 1 | Reference: REVERSE-FSL2025004
[INFO] 2025-12-05 18:33:25 signals 29057 130169258283136 - [SALE REVERSAL SIGNAL] Processing reversal for sale #FSL2025004 | Product: EFSL001 | Quantity: 1
[INFO] 2025-12-05 18:33:25 signals 29057 130169258283136 - [BULK ITEM RESTORED] Product: EFSL001 | Quantity: 5 → 6 | Status: lowstock → available
[INFO] 2025-12-05 18:33:25 signals 29057 130169258283136 - [STOCK ENTRY CREATED] Product: EFSL001 | Quantity: 1 | Reference: REVERSE-FSL2025004
[INFO] 2025-12-05 18:55:32 signals 31645 132261895947968 - [SALE REVERSAL SIGNAL] Processing reversal for sale #FSL2025003 | Product: AFSL003 | Quantity: 5
[INFO] 2025-12-05 18:55:32 signals 31645 132261895947968 - [BULK ITEM RESTORED] Product: AFSL003 | Quantity: 15 → 20 | Status: available → available
[INFO] 2025-12-05 18:55:32 signals 31645 132261895947968 - [STOCK ENTRY CREATED] Product: AFSL003 | Quantity: 5 | Reference: REVERSE-FSL2025003
[INFO] 2025-12-05 18:55:32 signals 31645 132261895947968 - [SALE REVERSAL SIGNAL] Processing reversal for sale #FSL2025003 | Product: EFSL001 | Quantity: 4
[INFO] 2025-12-05 18:55:32 signals 31645 132261895947968 - [BULK ITEM RESTORED] Product: EFSL001 | Quantity: 10 → 14 | Status: available → available
[INFO] 2025-12-05 18:55:32 signals 31645 132261895947968 - [STOCK ENTRY CREATED] Product: EFSL001 | Quantity: 4 | Reference: REVERSE-FSL2025003
[INFO] 2025-12-05 20:33:57 signals 31645 132261895947968 - [SALE REVERSAL SIGNAL] Processing reversal for sale #SL202512021054587CD177 | Product: SFSL001 | Quantity: 1
[INFO] 2025-12-05 20:33:57 signals 31645 132261895947968 - [SINGLE ITEM RESTORED] Product: SFSL001 | Status: available → available | Quantity: 0 → 1
[INFO] 2025-12-05 20:33:57 signals 31645 132261895947968 - [STOCK ENTRY CREATED] Product: SFSL001 | Quantity: 1 | Reference: REVERSE-SL202512021054587CD177
[INFO] 2025-12-05 20:40:30 models 31645 132261895947968 - [SALE ID GENERATED] Year: 2025 | Counter: 6 | Sale ID: FSL2025006
[INFO] 2025-12-05 20:40:30 views 31645 132261895947968 - [SALE CREATED] Sale ID: FSL2025006 | Items to process: 1
[INFO] 2025-12-05 20:40:30 models 31645 132261895947968 - [ITEM SOLD] Sale: FSL2025006 | Product: SFSL001 | Qty: 1 | New Stock: 1 | Status: sold
[INFO] 2025-12-05 20:40:30 views 31645 132261895947968 - [ITEM 1/1] Product: SFSL001 | Qty: 1 | Total: KSH 17000
[INFO] 2025-12-05 20:40:30 models 31645 132261895947968 - [ETR ASSIGNED] Sale: FSL2025006 | Receipt: 0010 | Counter: 10 | Items: 1
[INFO] 2025-12-05 20:40:30 views 31645 132261895947968 - [SALE COMPLETED] Sale: FSL2025006 | Receipt: 0010 | Items: 1 | Total: KSH 17000.00
[INFO] 2025-12-05 21:28:51 models 41573 131366019782336 - [SALE ID GENERATED] Year: 2025 | Counter: 7 | Sale ID: FSL2025007
[INFO] 2025-12-05 21:28:51 views 41573 131366019782336 - [SALE CREATED] Sale ID: FSL2025007 | Items to process: 1
[INFO] 2025-12-05 21:28:51 models 41573 131366019782336 - [ITEM SOLD] Sale: FSL2025007 | Product: AFSL001 | Qty: 1 | New Stock: 40 | Status: available
[INFO] 2025-12-05 21:28:51 views 41573 131366019782336 - [ITEM 1/1] Product: AFSL001 | Qty: 1 | Total: KSH 100
[INFO] 2025-12-05 21:28:51 models 41573 131366019782336 - [ETR ASSIGNED] Sale: FSL2025007 | Receipt: 0011 | Counter: 11 | Items: 1
[INFO] 2025-12-05 21:28:51 views 41573 131366019782336 - [SALE COMPLETED] Sale: FSL2025007 | Receipt: 0011 | Items: 1 | Total: KSH 100.00
[INFO] 2025-12-06 10:03:44 signals 2182 127425702786752 - [SALE REVERSAL SIGNAL] Processing reversal for sale #FSL2025002 | Product: AFSL001 | Quantity: 3
[INFO] 2025-12-06 10:03:44 signals 2182 127425702786752 - [BULK ITEM RESTORED] Product: AFSL001 | Quantity: 43 → 46 | Status: available → available
[INFO] 2025-12-06 10:03:44 signals 2182 127425702786752 - [STOCK ENTRY CREATED] Product: AFSL001 | Quantity: 3 | Reference: REVERSE-FSL2025002
[INFO] 2025-12-06 11:30:24 models 8289 131861535782592 - [SALE ID GENERATED] Year: 2025 | Counter: 8 | Sale ID: FSL2025008
[INFO] 2025-12-06 11:30:24 views 8289 131861535782592 - [SALE CREATED] Sale ID: FSL2025008 | Items to process: 1
[INFO] 2025-12-06 11:30:24 models 8289 131861535782592 - [ITEM SOLD] Sale: FSL2025008 | Product: AFSL001 | Qty: 6 | New Stock: 40 | Status: available
[INFO] 2025-12-06 11:30:24 views 8289 131861535782592 - [ITEM 1/1] Product: AFSL001 | Qty: 6 | Total: KSH 600
[INFO] 2025-12-06 11:30:24 models 8289 131861535782592 - [ETR ASSIGNED] Sale: FSL2025008 | Receipt: 0012 | Counter: 12 | Items: 1
[INFO] 2025-12-06 11:30:24 views 8289 131861535782592 - [SALE COMPLETED] Sale: FSL2025008 | Receipt: 0012 | Items: 1 | Total: KSH 600.00
[INFO] 2025-12-06 12:15:40 models 8289 131861535782592 - [SALE ID GENERATED] Year: 2025 | Counter: 9 | Sale ID: FSL2025009
[INFO] 2025-12-06 12:15:40 views 8289 131861535782592 - [SALE CREATED] Sale ID: FSL2025009 | Items to process: 5
[INFO] 2025-12-06 12:15:40 models 8289 131861535782592 - [ITEM SOLD] Sale: FSL2025009 | Product: AFSL001 | Qty: 1 | New Stock: 39 | Status: available
[INFO] 2025-12-06 12:15:40 views 8289 131861535782592 - [ITEM 1/5] Product: AFSL001 | Qty: 1 | Total: KSH 100
[INFO] 2025-12-06 12:15:40 models 8289 131861535782592 - [ITEM SOLD] Sale: FSL2025009 | Product: AFSL002 | Qty: 1 | New Stock: 48 | Status: available
[INFO] 2025-12-06 12:15:40 views 8289 131861535782592 - [ITEM 2/5] Product: AFSL002 | Qty: 1 | Total: KSH 200
[INFO] 2025-12-06 12:15:40 models 8289 131861535782592 - [ITEM SOLD] Sale: FSL2025009 | Product: AFSL001 | Qty: 1 | New Stock: 38 | Status: available
[INFO] 2025-12-06 12:15:40 views 8289 131861535782592 - [ITEM 3/5] Product: AFSL001 | Qty: 1 | Total: KSH 100
[INFO] 2025-12-06 12:15:41 models 8289 131861535782592 - [ITEM SOLD] Sale: FSL2025009 | Product: AFSL003 | Qty: 1 | New Stock: 19 | Status: available
[INFO] 2025-12-06 12:15:41 views 8289 131861535782592 - [ITEM 4/5] Product: AFSL003 | Qty: 1 | Total: KSH 200
[INFO] 2025-12-06 12:15:41 models 8289 131861535782592 - [ITEM SOLD] Sale: FSL2025009 | Product: AFSL005 | Qty: 1 | New Stock: 19 | Status: available
[INFO] 2025-12-06 12:15:41 views 8289 131861535782592 - [ITEM 5/5] Product: AFSL005 | Qty: 1 | Total: KSH 200
[INFO] 2025-12-06 12:15:41 models 8289 131861535782592 - [ETR ASSIGNED] Sale: FSL2025009 | Receipt: 0013 | Counter: 13 | Items: 5
[INFO] 2025-12-06 12:15:41 views 8289 131861535782592 - [SALE COMPLETED] Sale: FSL2025009 | Receipt: 0013 | Items: 5 | Total: KSH 800.00
[INFO] 2025-12-06 13:41:43 models 21657 128340787631808 - [SALE ID GENERATED] Year: 2025 | Counter: 10 | Sale ID: FSL2025010
[INFO] 2025-12-06 13:41:43 views 21657 128340787631808 - [SALE CREATED] Sale ID: FSL2025010 | Items to process: 1
[INFO] 2025-12-06 13:41:43 models 21657 128340787631808 - [ITEM SOLD] Sale: FSL2025010 | Product: FFSL002 | Qty: 1 | New Stock: 1 | Status: sold
[INFO] 2025-12-06 13:41:43 views 21657 128340787631808 - [ITEM 1/1] Product: FFSL002 | Qty: 1 | Total: KSH 1750
[INFO] 2025-12-06 13:41:43 models 21657 128340787631808 - [ETR ASSIGNED] Sale: FSL2025010 | Receipt: 0014 | Counter: 14 | Items: 1
[INFO] 2025-12-06 13:41:43 views 21657 128340787631808 - [SALE COMPLETED] Sale: FSL2025010 | Receipt: 0014 | Items: 1 | Total: KSH 1750.00
[INFO] 2025-12-06 13:44:07 signals 21657 128340787631808 - [SALE REVERSAL SIGNAL] Processing reversal for sale #FSL2025010 | Product: FFSL002 | Quantity: 1
[INFO] 2025-12-06 13:44:07 signals 21657 128340787631808 - [SINGLE ITEM RESTORED] Product: FFSL002 | Status: available → available | Quantity: 0 → 1
[INFO] 2025-12-06 13:44:07 signals 21657 128340787631808 - [STOCK ENTRY CREATED] Product: FFSL002 | Quantity: 1 | Reference: REVERSE-FSL2025010
[INFO] 2025-12-07 01:15:25 signals 6865 138591026288320 - [SALE REVERSAL SIGNAL] Processing reversal for sale #SL20251202125537AC7EF8 | Product: AFSL001 | Quantity: 2
[INFO] 2025-12-07 01:15:25 signals 6865 138591026288320 - [BULK ITEM RESTORED] Product: AFSL001 | Quantity: 52 → 54 | Status: available → available
[INFO] 2025-12-07 01:15:25 signals 6865 138591026288320 - [STOCK ENTRY CREATED] Product: AFSL001 | Quantity: 2 | Reference: REVERSE-SL20251202125537AC7EF8
[INFO] 2025-12-07 01:15:25 signals 6865 138591026288320 - [SALE REVERSAL SIGNAL] Processing reversal for sale #SL20251202125537AC7EF8 | Product: AFSL003 | Quantity: 5
[INFO] 2025-12-07 01:15:25 signals 6865 138591026288320 - [BULK ITEM RESTORED] Product: AFSL003 | Quantity: 24 → 29 | Status: available → available
[INFO] 2025-12-07 01:15:25 signals 6865 138591026288320 - [STOCK ENTRY CREATED] Product: AFSL003 | Quantity: 5 | Reference: REVERSE-SL20251202125537AC7EF8
